<?xml version="1.0" encoding="UTF-8"?>
<testng-results ignored="0" total="1" passed="1" failed="0" skipped="0">
  <reporter-output>
  </reporter-output>
  <suite started-at="2024-02-20T12:18:00 IST" name="Default suite" finished-at="2024-02-20T12:18:16 IST" duration-ms="15959">
    <groups>
    </groups>
    <test started-at="2024-02-20T12:18:00 IST" name="Default test" finished-at="2024-02-20T12:18:16 IST" duration-ms="15959">
      <class name="com.testCases.AppointmentConfTest">
        <test-method is-config="true" signature="initialize()[pri:0, instance:com.testCases.AppointmentConfTest@4ebea12c]" started-at="2024-02-20T12:18:00 IST" name="initialize" finished-at="2024-02-20T12:18:05 IST" duration-ms="4892" status="PASS">
          <reporter-output>
          </reporter-output>
        </test-method> <!-- initialize -->
        <test-method signature="verifyAppointmentPage()[pri:0, instance:com.testCases.AppointmentConfTest@4ebea12c]" started-at="2024-02-20T12:18:05 IST" name="verifyAppointmentPage" description="Verify the Appointment page" finished-at="2024-02-20T12:18:16 IST" duration-ms="10785" status="PASS">
          <reporter-output>
          </reporter-output>
        </test-method> <!-- verifyAppointmentPage -->
        <test-method is-config="true" signature="teardown()[pri:0, instance:com.testCases.AppointmentConfTest@4ebea12c]" started-at="2024-02-20T12:18:16 IST" name="teardown" finished-at="2024-02-20T12:18:16 IST" duration-ms="185" status="PASS">
          <reporter-output>
          </reporter-output>
        </test-method> <!-- teardown -->
      </class> <!-- com.testCases.AppointmentConfTest -->
    </test> <!-- Default test -->
  </suite> <!-- Default suite -->
</testng-results>
