<?xml version="1.0" encoding="UTF-8"?>
<testng-results ignored="0" total="1" passed="1" failed="0" skipped="0">
  <reporter-output>
  </reporter-output>
  <suite started-at="2024-01-31T11:48:55 IST" name="Default suite" finished-at="2024-01-31T11:49:08 IST" duration-ms="13378">
    <groups>
    </groups>
    <test started-at="2024-01-31T11:48:55 IST" name="Default test" finished-at="2024-01-31T11:49:08 IST" duration-ms="13378">
      <class name="com.testCases.AppointmentConfTest">
        <test-method is-config="true" signature="initialize()[pri:0, instance:com.testCases.AppointmentConfTest@3b220bcb]" started-at="2024-01-31T11:48:55 IST" name="initialize" finished-at="2024-01-31T11:48:59 IST" duration-ms="4483" status="PASS">
          <reporter-output>
          </reporter-output>
        </test-method> <!-- initialize -->
        <test-method signature="verifyAppointmentPage()[pri:0, instance:com.testCases.AppointmentConfTest@3b220bcb]" started-at="2024-01-31T11:48:59 IST" name="verifyAppointmentPage" description="Verify the Appointment page" finished-at="2024-01-31T11:49:08 IST" duration-ms="8671" status="PASS">
          <reporter-output>
          </reporter-output>
        </test-method> <!-- verifyAppointmentPage -->
        <test-method is-config="true" signature="teardown()[pri:0, instance:com.testCases.AppointmentConfTest@3b220bcb]" started-at="2024-01-31T11:49:08 IST" name="teardown" finished-at="2024-01-31T11:49:08 IST" duration-ms="160" status="PASS">
          <reporter-output>
          </reporter-output>
        </test-method> <!-- teardown -->
      </class> <!-- com.testCases.AppointmentConfTest -->
    </test> <!-- Default test -->
  </suite> <!-- Default suite -->
</testng-results>
